# JRE version: OpenJDK Runtime Environment Temurin-17.0.8.1+1 (17.0.8.1+1) (build 17.0.8.1+1)
# Java VM: OpenJDK 64-Bit Server VM Temurin-17.0.8.1+1 (17.0.8.1+1, mixed mode, tiered, compressed oops, compressed class ptrs, parallel gc, windows-amd64)
GC Precious Log:
 CPUs: 8 total, 8 available
 Memory: 16257M
 Large Page Support: Disabled
 NUMA Support: Disabled
 Compressed Oops: Enabled (32-bit)
 Alignments: Space 512K, Generation 512K, Heap 2M
 Heap Min Capacity: 100M
 Heap Initial Capacity: 100M
 Heap Max Capacity: 1G
 Pre-touch: Disabled
 Parallel Workers: 8
Heap:
 PSYoungGen      total 11776K, used 11081K [0x00000000eab00000, 0x00000000ebb00000, 0x0000000100000000)
  eden space 7168K, 95% used [0x00000000eab00000,0x00000000eb1a8c20,0x00000000eb200000)
  from space 4608K, 92% used [0x00000000eb200000,0x00000000eb629ad0,0x00000000eb680000)
  to   space 4608K, 0% used [0x00000000eb680000,0x00000000eb680000,0x00000000ebb00000)
 ParOldGen       total 359424K, used 352485K [0x00000000c0000000, 0x00000000d5f00000, 0x00000000eab00000)
  object space 359424K, 98% used [0x00000000c0000000,0x00000000d5839690,0x00000000d5f00000)
 Metaspace       used 71050K, committed 72192K, reserved 1114112K
  class space    used 8226K, committed 8704K, reserved 1048576K
GC Heap History (20 events):
Event: 51.549 GC heap before
{Heap before GC invocations=345 (full 13):
 PSYoungGen      total 10240K, used 10231K [0x00000000eab00000, 0x00000000ec000000, 0x0000000100000000)
  eden space 5120K, 100% used [0x00000000eab00000,0x00000000eb000000,0x00000000eb000000)
  from space 5120K, 99% used [0x00000000eb100000,0x00000000eb5fdcc0,0x00000000eb600000)
  to   space 8192K, 0% used [0x00000000eb800000,0x00000000eb800000,0x00000000ec000000)
 ParOldGen       total 359424K, used 324552K [0x00000000c0000000, 0x00000000d5f00000, 0x00000000eab00000)
  object space 359424K, 90% used [0x00000000c0000000,0x00000000d3cf2218,0x00000000d5f00000)
 Metaspace       used 70314K, committed 71424K, reserved 1114112K
  class space    used 8138K, committed 8576K, reserved 1048576K
}
Event: 51.562 GC heap after
{Heap after GC invocations=345 (full 13):
 PSYoungGen      total 9728K, used 3904K [0x00000000eab00000, 0x00000000ebc00000, 0x0000000100000000)
  eden space 5632K, 0% used [0x00000000eab00000,0x00000000eab00000,0x00000000eb080000)
  from space 4096K, 95% used [0x00000000eb800000,0x00000000ebbd0000,0x00000000ebc00000)
  to   space 5120K, 0% used [0x00000000eb200000,0x00000000eb200000,0x00000000eb700000)
 ParOldGen       total 359424K, used 329592K [0x00000000c0000000, 0x00000000d5f00000, 0x00000000eab00000)
  object space 359424K, 91% used [0x00000000c0000000,0x00000000d41de2b0,0x00000000d5f00000)
 Metaspace       used 70314K, committed 71424K, reserved 1114112K
  class space    used 8138K, committed 8576K, reserved 1048576K
}
Event: 51.662 GC heap before
{Heap before GC invocations=346 (full 13):
 PSYoungGen      total 9728K, used 9536K [0x00000000eab00000, 0x00000000ebc00000, 0x0000000100000000)
  eden space 5632K, 100% used [0x00000000eab00000,0x00000000eb080000,0x00000000eb080000)
  from space 4096K, 95% used [0x00000000eb800000,0x00000000ebbd0000,0x00000000ebc00000)
  to   space 5120K, 0% used [0x00000000eb200000,0x00000000eb200000,0x00000000eb700000)
 ParOldGen       total 359424K, used 329592K [0x00000000c0000000, 0x00000000d5f00000, 0x00000000eab00000)
  object space 359424K, 91% used [0x00000000c0000000,0x00000000d41de2b0,0x00000000d5f00000)
 Metaspace       used 70327K, committed 71424K, reserved 1114112K
  class space    used 8140K, committed 8576K, reserved 1048576K
}
Event: 51.670 GC heap after
{Heap after GC invocations=346 (full 13):
 PSYoungGen      total 11776K, used 5090K [0x00000000eab00000, 0x00000000ebe80000, 0x0000000100000000)
  eden space 6656K, 0% used [0x00000000eab00000,0x00000000eab00000,0x00000000eb180000)
  from space 5120K, 99% used [0x00000000eb200000,0x00000000eb6f8890,0x00000000eb700000)
  to   space 6656K, 0% used [0x00000000eb800000,0x00000000eb800000,0x00000000ebe80000)
 ParOldGen       total 359424K, used 330448K [0x00000000c0000000, 0x00000000d5f00000, 0x00000000eab00000)
  object space 359424K, 91% used [0x00000000c0000000,0x00000000d42b42b0,0x00000000d5f00000)
 Metaspace       used 70327K, committed 71424K, reserved 1114112K
  class space    used 8140K, committed 8576K, reserved 1048576K
}
Event: 51.691 GC heap before
{Heap before GC invocations=347 (full 13):
 PSYoungGen      total 11776K, used 11746K [0x00000000eab00000, 0x00000000ebe80000, 0x0000000100000000)
  eden space 6656K, 100% used [0x00000000eab00000,0x00000000eb180000,0x00000000eb180000)
  from space 5120K, 99% used [0x00000000eb200000,0x00000000eb6f8890,0x00000000eb700000)
  to   space 6656K, 0% used [0x00000000eb800000,0x00000000eb800000,0x00000000ebe80000)
 ParOldGen       total 359424K, used 330448K [0x00000000c0000000, 0x00000000d5f00000, 0x00000000eab00000)
  object space 359424K, 91% used [0x00000000c0000000,0x00000000d42b42b0,0x00000000d5f00000)
 Metaspace       used 70331K, committed 71424K, reserved 1114112K
  class space    used 8141K, committed 8576K, reserved 1048576K
}
Event: 51.704 GC heap after
{Heap after GC invocations=347 (full 13):
 PSYoungGen      total 12288K, used 4266K [0x00000000eab00000, 0x00000000ebc80000, 0x0000000100000000)
  eden space 7680K, 0% used [0x00000000eab00000,0x00000000eab00000,0x00000000eb280000)
  from space 4608K, 92% used [0x00000000eb800000,0x00000000ebc2aa20,0x00000000ebc80000)
  to   space 5120K, 0% used [0x00000000eb280000,0x00000000eb280000,0x00000000eb780000)
 ParOldGen       total 359424K, used 335454K [0x00000000c0000000, 0x00000000d5f00000, 0x00000000eab00000)
  object space 359424K, 93% used [0x00000000c0000000,0x00000000d4797878,0x00000000d5f00000)
 Metaspace       used 70331K, committed 71424K, reserved 1114112K
  class space    used 8141K, committed 8576K, reserved 1048576K
}
Event: 51.751 GC heap before
{Heap before GC invocations=348 (full 13):
 PSYoungGen      total 12288K, used 11946K [0x00000000eab00000, 0x00000000ebc80000, 0x0000000100000000)
  eden space 7680K, 100% used [0x00000000eab00000,0x00000000eb280000,0x00000000eb280000)
  from space 4608K, 92% used [0x00000000eb800000,0x00000000ebc2aa20,0x00000000ebc80000)
  to   space 5120K, 0% used [0x00000000eb280000,0x00000000eb280000,0x00000000eb780000)
 ParOldGen       total 359424K, used 335454K [0x00000000c0000000, 0x00000000d5f00000, 0x00000000eab00000)
  object space 359424K, 93% used [0x00000000c0000000,0x00000000d4797878,0x00000000d5f00000)
 Metaspace       used 70338K, committed 71424K, reserved 1114112K
  class space    used 8141K, committed 8576K, reserved 1048576K
}
Event: 51.759 GC heap after
{Heap after GC invocations=348 (full 13):
 PSYoungGen      total 12800K, used 5116K [0x00000000eab00000, 0x00000000ec880000, 0x0000000100000000)
  eden space 7680K, 0% used [0x00000000eab00000,0x00000000eab00000,0x00000000eb280000)
  from space 5120K, 99% used [0x00000000eb280000,0x00000000eb77f050,0x00000000eb780000)
  to   space 10752K, 0% used [0x00000000ebe00000,0x00000000ebe00000,0x00000000ec880000)
 ParOldGen       total 359424K, used 339839K [0x00000000c0000000, 0x00000000d5f00000, 0x00000000eab00000)
  object space 359424K, 94% used [0x00000000c0000000,0x00000000d4bdff60,0x00000000d5f00000)
 Metaspace       used 70338K, committed 71424K, reserved 1114112K
  class space    used 8141K, committed 8576K, reserved 1048576K
}
Event: 538.655 GC heap before
{Heap before GC invocations=349 (full 13):
 PSYoungGen      total 12800K, used 12796K [0x00000000eab00000, 0x00000000ec880000, 0x0000000100000000)
  eden space 7680K, 100% used [0x00000000eab00000,0x00000000eb280000,0x00000000eb280000)
  from space 5120K, 99% used [0x00000000eb280000,0x00000000eb77f050,0x00000000eb780000)
  to   space 10752K, 0% used [0x00000000ebe00000,0x00000000ebe00000,0x00000000ec880000)
 ParOldGen       total 359424K, used 339839K [0x00000000c0000000, 0x00000000d5f00000, 0x00000000eab00000)
  object space 359424K, 94% used [0x00000000c0000000,0x00000000d4bdff60,0x00000000d5f00000)
 Metaspace       used 70592K, committed 71680K, reserved 1114112K
  class space    used 8171K, committed 8640K, reserved 1048576K
}
Event: 538.668 GC heap after
{Heap after GC invocations=349 (full 13):
 PSYoungGen      total 11264K, used 3444K [0x00000000eab00000, 0x00000000ec180000, 0x0000000100000000)
  eden space 7680K, 0% used [0x00000000eab00000,0x00000000eab00000,0x00000000eb280000)
  from space 3584K, 96% used [0x00000000ebe00000,0x00000000ec15d198,0x00000000ec180000)
  to   space 6144K, 0% used [0x00000000eb580000,0x00000000eb580000,0x00000000ebb80000)
 ParOldGen       total 359424K, used 344736K [0x00000000c0000000, 0x00000000d5f00000, 0x00000000eab00000)
  object space 359424K, 95% used [0x00000000c0000000,0x00000000d50a8340,0x00000000d5f00000)
 Metaspace       used 70592K, committed 71680K, reserved 1114112K
  class space    used 8171K, committed 8640K, reserved 1048576K
}
Event: 538.787 GC heap before
{Heap before GC invocations=350 (full 13):
 PSYoungGen      total 11264K, used 11124K [0x00000000eab00000, 0x00000000ec180000, 0x0000000100000000)
  eden space 7680K, 100% used [0x00000000eab00000,0x00000000eb280000,0x00000000eb280000)
  from space 3584K, 96% used [0x00000000ebe00000,0x00000000ec15d198,0x00000000ec180000)
  to   space 6144K, 0% used [0x00000000eb580000,0x00000000eb580000,0x00000000ebb80000)
 ParOldGen       total 359424K, used 344736K [0x00000000c0000000, 0x00000000d5f00000, 0x00000000eab00000)
  object space 359424K, 95% used [0x00000000c0000000,0x00000000d50a8340,0x00000000d5f00000)
 Metaspace       used 70607K, committed 71744K, reserved 1114112K
  class space    used 8171K, committed 8640K, reserved 1048576K
}
Event: 538.795 GC heap after
{Heap after GC invocations=350 (full 13):
 PSYoungGen      total 11776K, used 3860K [0x00000000eab00000, 0x00000000ebe80000, 0x0000000100000000)
  eden space 7680K, 0% used [0x00000000eab00000,0x00000000eab00000,0x00000000eb280000)
  from space 4096K, 94% used [0x00000000eb580000,0x00000000eb945198,0x00000000eb980000)
  to   space 4096K, 0% used [0x00000000eba80000,0x00000000eba80000,0x00000000ebe80000)
 ParOldGen       total 359424K, used 344736K [0x00000000c0000000, 0x00000000d5f00000, 0x00000000eab00000)
  object space 359424K, 95% used [0x00000000c0000000,0x00000000d50a8340,0x00000000d5f00000)
 Metaspace       used 70607K, committed 71744K, reserved 1114112K
  class space    used 8171K, committed 8640K, reserved 1048576K
}
Event: 538.870 GC heap before
{Heap before GC invocations=351 (full 13):
 PSYoungGen      total 11776K, used 11540K [0x00000000eab00000, 0x00000000ebe80000, 0x0000000100000000)
  eden space 7680K, 100% used [0x00000000eab00000,0x00000000eb280000,0x00000000eb280000)
  from space 4096K, 94% used [0x00000000eb580000,0x00000000eb945198,0x00000000eb980000)
  to   space 4096K, 0% used [0x00000000eba80000,0x00000000eba80000,0x00000000ebe80000)
 ParOldGen       total 359424K, used 344736K [0x00000000c0000000, 0x00000000d5f00000, 0x00000000eab00000)
  object space 359424K, 95% used [0x00000000c0000000,0x00000000d50a8340,0x00000000d5f00000)
 Metaspace       used 70615K, committed 71744K, reserved 1114112K
  class space    used 8172K, committed 8640K, reserved 1048576K
}
Event: 538.879 GC heap after
{Heap after GC invocations=351 (full 13):
 PSYoungGen      total 11776K, used 4092K [0x00000000eab00000, 0x00000000ebe80000, 0x0000000100000000)
  eden space 7680K, 0% used [0x00000000eab00000,0x00000000eab00000,0x00000000eb280000)
  from space 4096K, 99% used [0x00000000eba80000,0x00000000ebe7f258,0x00000000ebe80000)
  to   space 5632K, 0% used [0x00000000eb380000,0x00000000eb380000,0x00000000eb900000)
 ParOldGen       total 359424K, used 345693K [0x00000000c0000000, 0x00000000d5f00000, 0x00000000eab00000)
  object space 359424K, 96% used [0x00000000c0000000,0x00000000d5197548,0x00000000d5f00000)
 Metaspace       used 70615K, committed 71744K, reserved 1114112K
  class space    used 8172K, committed 8640K, reserved 1048576K
}
Event: 538.919 GC heap before
{Heap before GC invocations=352 (full 13):
 PSYoungGen      total 11776K, used 11772K [0x00000000eab00000, 0x00000000ebe80000, 0x0000000100000000)
  eden space 7680K, 100% used [0x00000000eab00000,0x00000000eb280000,0x00000000eb280000)
  from space 4096K, 99% used [0x00000000eba80000,0x00000000ebe7f258,0x00000000ebe80000)
  to   space 5632K, 0% used [0x00000000eb380000,0x00000000eb380000,0x00000000eb900000)
 ParOldGen       total 359424K, used 345693K [0x00000000c0000000, 0x00000000d5f00000, 0x00000000eab00000)
  object space 359424K, 96% used [0x00000000c0000000,0x00000000d5197548,0x00000000d5f00000)
 Metaspace       used 70616K, committed 71744K, reserved 1114112K
  class space    used 8172K, committed 8640K, reserved 1048576K
}
Event: 538.929 GC heap after
{Heap after GC invocations=352 (full 13):
 PSYoungGen      total 10752K, used 2572K [0x00000000eab00000, 0x00000000ebb00000, 0x0000000100000000)
  eden space 7680K, 0% used [0x00000000eab00000,0x00000000eab00000,0x00000000eb280000)
  from space 3072K, 83% used [0x00000000eb380000,0x00000000eb603270,0x00000000eb680000)
  to   space 3584K, 0% used [0x00000000eb780000,0x00000000eb780000,0x00000000ebb00000)
 ParOldGen       total 359424K, used 349059K [0x00000000c0000000, 0x00000000d5f00000, 0x00000000eab00000)
  object space 359424K, 97% used [0x00000000c0000000,0x00000000d54e0c70,0x00000000d5f00000)
 Metaspace       used 70616K, committed 71744K, reserved 1114112K
  class space    used 8172K, committed 8640K, reserved 1048576K
}
Event: 538.994 GC heap before
{Heap before GC invocations=353 (full 13):
 PSYoungGen      total 10752K, used 10252K [0x00000000eab00000, 0x00000000ebb00000, 0x0000000100000000)
  eden space 7680K, 100% used [0x00000000eab00000,0x00000000eb280000,0x00000000eb280000)
  from space 3072K, 83% used [0x00000000eb380000,0x00000000eb603270,0x00000000eb680000)
  to   space 3584K, 0% used [0x00000000eb780000,0x00000000eb780000,0x00000000ebb00000)
 ParOldGen       total 359424K, used 349059K [0x00000000c0000000, 0x00000000d5f00000, 0x00000000eab00000)
  object space 359424K, 97% used [0x00000000c0000000,0x00000000d54e0c70,0x00000000d5f00000)
 Metaspace       used 70617K, committed 71744K, reserved 1114112K
  class space    used 8172K, committed 8640K, reserved 1048576K
}
Event: 539.002 GC heap after
{Heap after GC invocations=353 (full 13):
 PSYoungGen      total 10752K, used 3564K [0x00000000eab00000, 0x00000000ebd80000, 0x0000000100000000)
  eden space 7168K, 0% used [0x00000000eab00000,0x00000000eab00000,0x00000000eb200000)
  from space 3584K, 99% used [0x00000000eb780000,0x00000000ebafb270,0x00000000ebb00000)
  to   space 5632K, 0% used [0x00000000eb200000,0x00000000eb200000,0x00000000eb780000)
 ParOldGen       total 359424K, used 350299K [0x00000000c0000000, 0x00000000d5f00000, 0x00000000eab00000)
  object space 359424K, 97% used [0x00000000c0000000,0x00000000d5616c70,0x00000000d5f00000)
 Metaspace       used 70617K, committed 71744K, reserved 1114112K
  class space    used 8172K, committed 8640K, reserved 1048576K
}
Event: 539.060 GC heap before
{Heap before GC invocations=354 (full 13):
 PSYoungGen      total 10752K, used 10732K [0x00000000eab00000, 0x00000000ebd80000, 0x0000000100000000)
  eden space 7168K, 100% used [0x00000000eab00000,0x00000000eb200000,0x00000000eb200000)
  from space 3584K, 99% used [0x00000000eb780000,0x00000000ebafb270,0x00000000ebb00000)
  to   space 5632K, 0% used [0x00000000eb200000,0x00000000eb200000,0x00000000eb780000)
 ParOldGen       total 359424K, used 350299K [0x00000000c0000000, 0x00000000d5f00000, 0x00000000eab00000)
  object space 359424K, 97% used [0x00000000c0000000,0x00000000d5616c70,0x00000000d5f00000)
 Metaspace       used 70677K, committed 71872K, reserved 1114112K
  class space    used 8175K, committed 8704K, reserved 1048576K
}
Event: 539.070 GC heap after
{Heap after GC invocations=354 (full 13):
 PSYoungGen      total 11776K, used 4262K [0x00000000eab00000, 0x00000000ebb00000, 0x0000000100000000)
  eden space 7168K, 0% used [0x00000000eab00000,0x00000000eab00000,0x00000000eb200000)
  from space 4608K, 92% used [0x00000000eb200000,0x00000000eb629ad0,0x00000000eb680000)
  to   space 4608K, 0% used [0x00000000eb680000,0x00000000eb680000,0x00000000ebb00000)
 ParOldGen       total 359424K, used 352485K [0x00000000c0000000, 0x00000000d5f00000, 0x00000000eab00000)
  object space 359424K, 98% used [0x00000000c0000000,0x00000000d5839690,0x00000000d5f00000)
 Metaspace       used 70677K, committed 71872K, reserved 1114112K
  class space    used 8175K, committed 8704K, reserved 1048576K
}

